
[file-post::2017-04-13 11:12:04] @Line# 18 -- Task will take .
[file-post::2017-04-13 11:12:07] @Line# 18 -- Task will take ..
[file-post::2017-04-13 11:12:10] @Line# 18 -- Task will take ...
[file-post::2017-04-13 11:12:13] @Line# 18 -- Task will take ....
[file-post::2017-04-13 11:12:15] @Line# 18 -- Task will take .....
[file-post::2017-04-13 11:13:36] @Line# 18 -- Task will take .................................................
[file-post::2017-04-13 11:15:59] @Line# 18 -- Task will take .................................................
[file-post::2017-04-17 10:33:34] @Line# 18 -- message........
[file-post::2017-04-17 10:33:41] @Line# 18 -- message..........
[file-post::2017-04-17 10:33:46] @Line# 18 -- message.............
[file-post::2017-04-17 10:34:00] @Line# 18 -- message.............
[file-post::2017-04-17 10:34:01] @Line# 18 -- message.............
[file-post::2017-04-17 10:34:01] @Line# 18 -- message.............
[file-post::2017-04-17 10:34:20] @Line# 18 -- message....................
[file-post::2017-04-17 11:13:10] @Line# 18 -- message....................
[file-post::2017-04-17 11:13:57] @Line# 18 -- message....................
[file-post::2017-04-17 11:14:17] @Line# 18 -- message....................
[file-post::2017-04-17 11:14:37] @Line# 18 -- message....................
[file-post::2017-04-17 11:37:10] @Line# 20 -- message....................
[file-post::2017-04-17 11:37:10] @Line# 20 -- message....................
[file-post::2017-04-17 11:37:10] @Line# 20 -- message....................
[file-post::2017-04-17 11:37:10] @Line# 20 -- message....................
[file-post::2017-04-17 11:37:36] @Line# 20 -- Hello World!
[file-post::2017-04-17 11:37:57] @Line# 20 -- 
[file-post::2017-04-17 11:38:12] @Line# 20 -- ["abcd","efgh"]
[file-post::2017-04-17 14:45:59] @Line# 20 -- message ...
[file-post::2017-04-17 16:41:32] @Line# 20 -- message ...
[file-post::2017-04-17 16:41:33] @Line# 20 -- message ...
[file-post::2017-04-17 16:41:34] @Line# 20 -- message ...
[file-post::2017-04-17 16:41:47] @Line# 20 -- message .........................
[file-post::2017-04-17 16:41:48] @Line# 20 -- message .........................
[file-post::2017-04-17 16:41:48] @Line# 20 -- message .........................
[file-post::2017-04-17 16:41:49] @Line# 20 -- message .........................
[file-post::2017-04-17 16:42:13] @Line# 20 -- ["abcd","efgh"]
[file-post::2017-04-18 15:12:22] @Line# 20 -- ["abcd","efgh"]
[file-post::2017-04-18 15:12:57] @Line# 20 -- ["abcd","efgh"]
[file-post::2017-04-18 15:13:04] @Line# 20 -- ["abcd","efgh"]
[file-post::2017-04-18 15:59:15] @Line# 20 -- ["abcd","efgh"]
[file-post::2017-04-18 15:59:23] @Line# 20 -- ["abcd","efgh"]
[file-post::2017-04-18 15:59:23] @Line# 20 -- ["abcd","efgh"]
[file-post::2017-04-18 15:59:24] @Line# 20 -- ["abcd","efgh"]
[file-post::2017-04-18 15:59:25] @Line# 20 -- ["abcd","efgh"]
[file-post::2017-04-18 15:59:30] @Line# 20 -- ["abcd","efgh"]
[file-post::2017-04-18 15:59:31] @Line# 20 -- ["abcd","efgh"]
[file-post::2017-04-18 16:00:02] @Line# 20 -- {"order_total":"Kr 111,-","product":{"qty":"1","id":"2376","name":"awerew","model":"","coupon_code":"120","coupon_number":"NR","is_ticket":"1","tax":"0.0000","price":"111.0000","final_price":"111.0000"},"customer":{"id":"0","name":"Testperson-no Approved","company":"","street_address":"S\u00e6ffleberggate 56","suburb":"","city":"Oslo","postcode":"0563","state":"","country":null,"format_id":"1","telephone":"40 12 34 56","email_address":"checkout-no@testdrive.klarna.com"},"delivery":{"name":"Testperson-no Approved","company":"","street_address":"S\u00e6ffleberggate 56","suburb":"","city":"Oslo","postcode":"0563","state":"","country":null,"format_id":"1"}}
[file-post::2017-04-20 11:04:02] @Line# 20 -- {"order_total":"Kr 111,-","product":{"qty":"1","id":"2376","name":"awerew","model":"","coupon_code":"120","coupon_number":"NR","is_ticket":"1","tax":"0.0000","price":"111.0000","final_price":"111.0000"},"customer":{"id":"0","name":"Testperson-no Approved","company":"","street_address":"S\u00e6ffleberggate 56","suburb":"","city":"Oslo","postcode":"0563","state":"","country":null,"format_id":"1","telephone":"40 12 34 56","email_address":"checkout-no@testdrive.klarna.com"},"delivery":{"name":"Testperson-no Approved","company":"","street_address":"S\u00e6ffleberggate 56","suburb":"","city":"Oslo","postcode":"0563","state":"","country":null,"format_id":"1"}}
[file-post::2017-04-20 11:06:47] @Line# 20 -- {"order_total":"Kr 111,-","product":{"qty":"1","id":"2376","name":"awerew","model":"","coupon_code":"120","coupon_number":"NR","is_ticket":"1","tax":"0.0000","price":"111.0000","final_price":"111.0000"},"customer":{"id":"0","name":"Testperson-no Approved","company":"","street_address":"S\u00e6ffleberggate 56","suburb":"","city":"Oslo","postcode":"0563","state":"","country":null,"format_id":"1","telephone":"40 12 34 56","email_address":"checkout-no@testdrive.klarna.com"},"delivery":{"name":"Testperson-no Approved","company":"","street_address":"S\u00e6ffleberggate 56","suburb":"","city":"Oslo","postcode":"0563","state":"","country":null,"format_id":"1"}}
